{
  "0 debug pnpm:scope": {
    "selected": 1
  },
  "1 error pnpm": {
    "errno": 1,
    "code": "ELIFECYCLE",
    "pkgid": "material-kit-react@1.10.0",
    "stage": "start",
    "script": "react-scripts start",
    "pkgname": "material-kit-react",
    "err": {
      "name": "pnpm",
      "message": "material-kit-react@1.10.0 start: `react-scripts start`\nExit status 1",
      "code": "ELIFECYCLE",
      "stack": "pnpm: material-kit-react@1.10.0 start: `react-scripts start`\nExit status 1\n    at EventEmitter.<anonymous> (C:\\Users\\Admin\\AppData\\Roaming\\npm\\node_modules\\pnpm\\dist\\pnpm.cjs:104900:20)\n    at EventEmitter.emit (events.js:400:28)\n    at ChildProcess.<anonymous> (C:\\Users\\Admin\\AppData\\Roaming\\npm\\node_modules\\pnpm\\dist\\pnpm.cjs:92889:18)\n    at ChildProcess.emit (events.js:400:28)\n    at maybeClose (internal/child_process.js:1058:16)\n    at Process.ChildProcess._handle.onexit (internal/child_process.js:293:5)"
    }
  },
  "2 warn pnpm:global": " Local package.json exists, but node_modules missing, did you mean to install?"
}